<?xml version="1.0" encoding="UTF-8"?>
<coverage generated="1659738132243" clover="3.2.0">
  <project timestamp="1659738132243" name="All files">
    <metrics statements="12" coveredstatements="11" conditionals="6" coveredconditionals="3" methods="6" coveredmethods="6" elements="24" coveredelements="20" complexity="0" loc="12" ncloc="12" packages="1" files="2" classes="2"/>
    <file name="filterByTerm.js" path="/Users/Projects/Testing JS/getting-started-with-jest/filterByTerm.js">
      <metrics statements="5" coveredstatements="5" conditionals="2" coveredconditionals="1" methods="2" coveredmethods="2"/>
      <line num="2" count="1" type="cond" truecount="1" falsecount="1"/>
      <line num="3" count="1" type="stmt"/>
      <line num="4" count="1" type="stmt"/>
      <line num="5" count="3" type="stmt"/>
      <line num="9" count="1" type="stmt"/>
    </file>
    <file name="sortAndRaiseToPower.js" path="/Users/Projects/Testing JS/getting-started-with-jest/sortAndRaiseToPower.js">
      <metrics statements="7" coveredstatements="6" conditionals="4" coveredconditionals="2" methods="4" coveredmethods="4"/>
      <line num="2" count="1" type="cond" truecount="1" falsecount="1"/>
      <line num="3" count="2" type="cond" truecount="1" falsecount="1"/>
      <line num="5" count="1" type="stmt"/>
      <line num="7" count="3" type="stmt"/>
      <line num="11" count="3" type="stmt"/>
      <line num="14" count="0" type="stmt"/>
      <line num="17" count="1" type="stmt"/>
    </file>
  </project>
</coverage>
