TN:
SF:filterByTerm.js
FN:1,filterByTerm
FN:4,(anonymous_1)
FNF:2
FNH:2
FNDA:1,filterByTerm
FNDA:3,(anonymous_1)
DA:2,1
DA:3,1
DA:4,1
DA:5,3
DA:9,1
LF:5
LH:5
BRDA:2,0,0,0
BRDA:2,0,1,1
BRF:2
BRH:1
end_of_record
TN:
SF:sortAndRaiseToPower.js
FN:1,sortAndRaiseToPower
FN:3,(anonymous_1)
FN:6,(anonymous_2)
FN:11,(anonymous_3)
FNF:4
FNH:4
FNDA:1,sortAndRaiseToPower
FNDA:2,(anonymous_1)
FNDA:3,(anonymous_2)
FNDA:3,(anonymous_3)
DA:2,1
DA:3,2
DA:5,1
DA:7,3
DA:11,3
DA:14,0
DA:17,1
LF:7
LH:6
BRDA:2,0,0,1
BRDA:2,0,1,0
BRDA:3,1,0,2
BRDA:3,1,1,0
BRF:4
BRH:2
end_of_record
